<?xml version="1.0" encoding="UTF-8"?>
<coverage generated="1697005684917" clover="3.2.0">
  <project timestamp="1697005684917" name="All files">
    <metrics statements="12" coveredstatements="12" conditionals="4" coveredconditionals="3" methods="1" coveredmethods="1" elements="17" coveredelements="16" complexity="0" loc="12" ncloc="12" packages="1" files="1" classes="1"/>
    <file name="index.ts" path="E:\work\act\senyou-tool\tool\index.ts">
      <metrics statements="12" coveredstatements="12" conditionals="4" coveredconditionals="3" methods="1" coveredmethods="1"/>
      <line num="1" count="1" type="stmt"/>
      <line num="2" count="1" type="stmt"/>
      <line num="3" count="1" type="stmt"/>
      <line num="4" count="1" type="stmt"/>
      <line num="5" count="1" type="stmt"/>
      <line num="6" count="3" type="cond" truecount="1" falsecount="0"/>
      <line num="7" count="3" type="cond" truecount="0" falsecount="1"/>
      <line num="8" count="3" type="cond" truecount="2" falsecount="0"/>
      <line num="9" count="2" type="stmt"/>
      <line num="10" count="2" type="stmt"/>
      <line num="11" count="1" type="stmt"/>
      <line num="12" count="1" type="stmt"/>
    </file>
  </project>
</coverage>
